<?xml version="1.0" encoding="UTF-8"?>
<!-- Generated by org.testng.reporters.JUnitReportReporter -->
<testsuite skipped="7" hostname="DESKTOP-SV604MU" name="org.seleniumtask.Day8Task" tests="8" failures="0" timestamp="21 Jan 2021 17:32:40 GMT" time="42.898" errors="0">
  <testcase name="tc8" time="42.898" classname="org.seleniumtask.Day8Task"/>
  <testcase name="tc2" classname="org.seleniumtask.Day8Task">
    <skipped/>
  </testcase> <!-- tc2 -->
  <testcase name="tc1" classname="org.seleniumtask.Day8Task">
    <skipped/>
  </testcase> <!-- tc1 -->
  <testcase name="tc6" classname="org.seleniumtask.Day8Task">
    <skipped/>
  </testcase> <!-- tc6 -->
  <testcase name="tc3" classname="org.seleniumtask.Day8Task">
    <skipped/>
  </testcase> <!-- tc3 -->
  <testcase name="tc5" classname="org.seleniumtask.Day8Task">
    <skipped/>
  </testcase> <!-- tc5 -->
  <testcase name="tc7" classname="org.seleniumtask.Day8Task">
    <skipped/>
  </testcase> <!-- tc7 -->
  <testcase name="tc4" classname="org.seleniumtask.Day8Task">
    <skipped/>
  </testcase> <!-- tc4 -->
</testsuite> <!-- org.seleniumtask.Day8Task -->
