<?xml version="1.0" encoding="UTF-8"?>
<!-- Generated by org.testng.reporters.JUnitReportReporter -->
<testsuite skipped="0" hostname="DESKTOP-SV604MU" name="org.seleniumtask.Day11Task" tests="1" failures="0" timestamp="23 Jan 2021 12:40:28 GMT" time="6.153" errors="0">
  <testcase name="tc1" time="6.153" classname="org.seleniumtask.Day11Task"/>
</testsuite> <!-- org.seleniumtask.Day11Task -->
