<?xml version="1.0" encoding="UTF-8"?>
<!-- Generated by org.testng.reporters.JUnitReportReporter -->
<testsuite skipped="1" hostname="DESKTOP-SV604MU" name="org.myproject.MyProjectSignIn" tests="2" failures="0" timestamp="15 Jan 2021 13:55:46 GMT" time="18.705" errors="0">
  <testcase name="tc2" time="18.705" classname="org.myproject.MyProjectSignIn"/>
  <testcase name="tc1" classname="org.myproject.MyProjectSignIn">
    <skipped/>
  </testcase> <!-- tc1 -->
</testsuite> <!-- org.myproject.MyProjectSignIn -->
