<?xml version="1.0" encoding="UTF-8"?>
<!-- Generated by org.testng.reporters.JUnitReportReporter -->
<testsuite skipped="1" hostname="DESKTOP-SV604MU" name="org.testng.C" tests="3" failures="0" timestamp="14 Jan 2021 10:16:01 GMT" time="0.025" errors="0">
  <testcase name="tc4" time="0.021" classname="org.testng.C"/>
  <testcase name="tc2" time="0.004" classname="org.testng.C"/>
  <testcase name="tc6" classname="org.testng.C">
    <skipped/>
  </testcase> <!-- tc6 -->
</testsuite> <!-- org.testng.C -->
