<?xml version="1.0" encoding="UTF-8"?>
<!-- Generated by org.testng.reporters.JUnitReportReporter -->
<testsuite skipped="0" hostname="DESKTOP-SV604MU" name="org.testng.B" tests="2" failures="0" timestamp="19 Jan 2021 05:23:35 GMT" time="59.760" errors="0">
  <testcase name="tc1" time="35.272" classname="org.testng.B"/>
  <testcase name="tc3" time="24.488" classname="org.testng.B"/>
</testsuite> <!-- org.testng.B -->
