<?xml version="1.0" encoding="UTF-8"?>
<!-- Generated by org.testng.reporters.JUnitReportReporter -->
<testsuite skipped="11" hostname="DESKTOP-SV604MU" name="org.seleniumtask.Day9Task" tests="12" failures="0" timestamp="22 Mar 2021 10:26:47 GMT" time="16.491" errors="0">
  <testcase name="tc2" time="16.491" classname="org.seleniumtask.Day9Task"/>
  <testcase name="tc1" classname="org.seleniumtask.Day9Task">
    <skipped/>
  </testcase> <!-- tc1 -->
  <testcase name="tc12" classname="org.seleniumtask.Day9Task">
    <skipped/>
  </testcase> <!-- tc12 -->
  <testcase name="tc6" classname="org.seleniumtask.Day9Task">
    <skipped/>
  </testcase> <!-- tc6 -->
  <testcase name="tc5" classname="org.seleniumtask.Day9Task">
    <skipped/>
  </testcase> <!-- tc5 -->
  <testcase name="tc4" classname="org.seleniumtask.Day9Task">
    <skipped/>
  </testcase> <!-- tc4 -->
  <testcase name="tc3" classname="org.seleniumtask.Day9Task">
    <skipped/>
  </testcase> <!-- tc3 -->
  <testcase name="tc10" classname="org.seleniumtask.Day9Task">
    <skipped/>
  </testcase> <!-- tc10 -->
  <testcase name="tc11" classname="org.seleniumtask.Day9Task">
    <skipped/>
  </testcase> <!-- tc11 -->
  <testcase name="tc9" classname="org.seleniumtask.Day9Task">
    <skipped/>
  </testcase> <!-- tc9 -->
  <testcase name="tc8" classname="org.seleniumtask.Day9Task">
    <skipped/>
  </testcase> <!-- tc8 -->
  <testcase name="tc7" classname="org.seleniumtask.Day9Task">
    <skipped/>
  </testcase> <!-- tc7 -->
</testsuite> <!-- org.seleniumtask.Day9Task -->
