<?xml version="1.0" encoding="UTF-8"?>
<!-- Generated by org.testng.reporters.JUnitReportReporter -->
<testsuite skipped="18" hostname="DESKTOP-SV604MU" name="org.seleniumtask.Day5Task" tests="19" failures="0" timestamp="21 Jan 2021 10:53:58 GMT" time="42.205" errors="0">
  <testcase name="tc19" time="42.205" classname="org.seleniumtask.Day5Task"/>
  <testcase name="tc10" classname="org.seleniumtask.Day5Task">
    <skipped/>
  </testcase> <!-- tc10 -->
  <testcase name="tc12" classname="org.seleniumtask.Day5Task">
    <skipped/>
  </testcase> <!-- tc12 -->
  <testcase name="tc11" classname="org.seleniumtask.Day5Task">
    <skipped/>
  </testcase> <!-- tc11 -->
  <testcase name="tc14" classname="org.seleniumtask.Day5Task">
    <skipped/>
  </testcase> <!-- tc14 -->
  <testcase name="tc6" classname="org.seleniumtask.Day5Task">
    <skipped/>
  </testcase> <!-- tc6 -->
  <testcase name="tc13" classname="org.seleniumtask.Day5Task">
    <skipped/>
  </testcase> <!-- tc13 -->
  <testcase name="tc7" classname="org.seleniumtask.Day5Task">
    <skipped/>
  </testcase> <!-- tc7 -->
  <testcase name="tc16" classname="org.seleniumtask.Day5Task">
    <skipped/>
  </testcase> <!-- tc16 -->
  <testcase name="tc4" classname="org.seleniumtask.Day5Task">
    <skipped/>
  </testcase> <!-- tc4 -->
  <testcase name="tc15" classname="org.seleniumtask.Day5Task">
    <skipped/>
  </testcase> <!-- tc15 -->
  <testcase name="tc5" classname="org.seleniumtask.Day5Task">
    <skipped/>
  </testcase> <!-- tc5 -->
  <testcase name="tc18" classname="org.seleniumtask.Day5Task">
    <skipped/>
  </testcase> <!-- tc18 -->
  <testcase name="tc2" classname="org.seleniumtask.Day5Task">
    <skipped/>
  </testcase> <!-- tc2 -->
  <testcase name="tc17" classname="org.seleniumtask.Day5Task">
    <skipped/>
  </testcase> <!-- tc17 -->
  <testcase name="tc3" classname="org.seleniumtask.Day5Task">
    <skipped/>
  </testcase> <!-- tc3 -->
  <testcase name="tc1" classname="org.seleniumtask.Day5Task">
    <skipped/>
  </testcase> <!-- tc1 -->
  <testcase name="tc8" classname="org.seleniumtask.Day5Task">
    <skipped/>
  </testcase> <!-- tc8 -->
  <testcase name="tc9" classname="org.seleniumtask.Day5Task">
    <skipped/>
  </testcase> <!-- tc9 -->
</testsuite> <!-- org.seleniumtask.Day5Task -->
