<?xml version="1.0" encoding="UTF-8"?>
<!-- Generated by org.testng.reporters.JUnitReportReporter -->
<testsuite skipped="0" hostname="DESKTOP-SV604MU" name="org.myproject.MyProject2Cart" tests="1" failures="0" timestamp="18 Jan 2021 11:17:40 GMT" time="286.788" errors="0">
  <testcase name="tc1" time="286.788" classname="org.myproject.MyProject2Cart"/>
</testsuite> <!-- org.myproject.MyProject2Cart -->
