<?xml version="1.0" encoding="UTF-8"?>
<!-- Generated by org.testng.reporters.JUnitReportReporter -->
<testsuite skipped="13" hostname="DESKTOP-SV604MU" name="org.seleniumtask.Day3Task" tests="14" failures="0" timestamp="20 Jan 2021 16:18:39 GMT" time="34.531" errors="0">
  <testcase name="tc14" time="34.531" classname="org.seleniumtask.Day3Task"/>
  <testcase name="tc11" classname="org.seleniumtask.Day3Task">
    <skipped/>
  </testcase> <!-- tc11 -->
  <testcase name="tc1" classname="org.seleniumtask.Day3Task">
    <skipped/>
  </testcase> <!-- tc1 -->
  <testcase name="tc10" classname="org.seleniumtask.Day3Task">
    <skipped/>
  </testcase> <!-- tc10 -->
  <testcase name="tc5" classname="org.seleniumtask.Day3Task">
    <skipped/>
  </testcase> <!-- tc5 -->
  <testcase name="tc2" classname="org.seleniumtask.Day3Task">
    <skipped/>
  </testcase> <!-- tc2 -->
  <testcase name="tc4" classname="org.seleniumtask.Day3Task">
    <skipped/>
  </testcase> <!-- tc4 -->
  <testcase name="tc12" classname="org.seleniumtask.Day3Task">
    <skipped/>
  </testcase> <!-- tc12 -->
  <testcase name="tc9" classname="org.seleniumtask.Day3Task">
    <skipped/>
  </testcase> <!-- tc9 -->
  <testcase name="tc6" classname="org.seleniumtask.Day3Task">
    <skipped/>
  </testcase> <!-- tc6 -->
  <testcase name="tc3" classname="org.seleniumtask.Day3Task">
    <skipped/>
  </testcase> <!-- tc3 -->
  <testcase name="tc13" classname="org.seleniumtask.Day3Task">
    <skipped/>
  </testcase> <!-- tc13 -->
  <testcase name="tc8" classname="org.seleniumtask.Day3Task">
    <skipped/>
  </testcase> <!-- tc8 -->
  <testcase name="tc7" classname="org.seleniumtask.Day3Task">
    <skipped/>
  </testcase> <!-- tc7 -->
</testsuite> <!-- org.seleniumtask.Day3Task -->
