<?xml version="1.0" encoding="UTF-8"?>
<!-- Generated by org.testng.reporters.JUnitReportReporter -->
<testsuite skipped="10" hostname="DESKTOP-SV604MU" name="org.seleniumtask.Day6Task" tests="11" failures="0" timestamp="21 Jan 2021 14:55:36 GMT" time="17.596" errors="0">
  <testcase name="tc11" time="17.596" classname="org.seleniumtask.Day6Task"/>
  <testcase name="tc5" classname="org.seleniumtask.Day6Task">
    <skipped/>
  </testcase> <!-- tc5 -->
  <testcase name="tc4" classname="org.seleniumtask.Day6Task">
    <skipped/>
  </testcase> <!-- tc4 -->
  <testcase name="tc3" classname="org.seleniumtask.Day6Task">
    <skipped/>
  </testcase> <!-- tc3 -->
  <testcase name="tc2" classname="org.seleniumtask.Day6Task">
    <skipped/>
  </testcase> <!-- tc2 -->
  <testcase name="tc1" classname="org.seleniumtask.Day6Task">
    <skipped/>
  </testcase> <!-- tc1 -->
  <testcase name="tc9" classname="org.seleniumtask.Day6Task">
    <skipped/>
  </testcase> <!-- tc9 -->
  <testcase name="tc8" classname="org.seleniumtask.Day6Task">
    <skipped/>
  </testcase> <!-- tc8 -->
  <testcase name="tc7" classname="org.seleniumtask.Day6Task">
    <skipped/>
  </testcase> <!-- tc7 -->
  <testcase name="tc6" classname="org.seleniumtask.Day6Task">
    <skipped/>
  </testcase> <!-- tc6 -->
  <testcase name="tc10" classname="org.seleniumtask.Day6Task">
    <skipped/>
  </testcase> <!-- tc10 -->
</testsuite> <!-- org.seleniumtask.Day6Task -->
