<?xml version="1.0" encoding="UTF-8"?>
<!-- Generated by org.testng.reporters.JUnitReportReporter -->
<testsuite skipped="9" hostname="DESKTOP-SV604MU" name="org.seleniumtask.Day2Task" tests="10" failures="0" timestamp="20 Jan 2021 10:19:19 GMT" time="48.356" errors="0">
  <testcase name="tc4" time="48.356" classname="org.seleniumtask.Day2Task"/>
  <testcase name="tc1" classname="org.seleniumtask.Day2Task">
    <skipped/>
  </testcase> <!-- tc1 -->
  <testcase name="tc6" classname="org.seleniumtask.Day2Task">
    <skipped/>
  </testcase> <!-- tc6 -->
  <testcase name="tc5" classname="org.seleniumtask.Day2Task">
    <skipped/>
  </testcase> <!-- tc5 -->
  <testcase name="tc3" classname="org.seleniumtask.Day2Task">
    <skipped/>
  </testcase> <!-- tc3 -->
  <testcase name="tc9" classname="org.seleniumtask.Day2Task">
    <skipped/>
  </testcase> <!-- tc9 -->
  <testcase name="tc8" classname="org.seleniumtask.Day2Task">
    <skipped/>
  </testcase> <!-- tc8 -->
  <testcase name="tc7" classname="org.seleniumtask.Day2Task">
    <skipped/>
  </testcase> <!-- tc7 -->
  <testcase name="tc10" classname="org.seleniumtask.Day2Task">
    <skipped/>
  </testcase> <!-- tc10 -->
  <testcase name="tc2" classname="org.seleniumtask.Day2Task">
    <skipped/>
  </testcase> <!-- tc2 -->
</testsuite> <!-- org.seleniumtask.Day2Task -->
