<?xml version="1.0" encoding="UTF-8"?>
<!-- Generated by org.testng.reporters.JUnitReportReporter -->
<testsuite skipped="10" hostname="DESKTOP-SV604MU" name="org.seleniumtask.Day4Task" tests="11" failures="0" timestamp="20 Jan 2021 17:45:45 GMT" time="86.073" errors="0">
  <testcase name="tc12" time="86.073" classname="org.seleniumtask.Day4Task"/>
  <testcase name="tc3" classname="org.seleniumtask.Day4Task">
    <skipped/>
  </testcase> <!-- tc3 -->
  <testcase name="tc6" classname="org.seleniumtask.Day4Task">
    <skipped/>
  </testcase> <!-- tc6 -->
  <testcase name="tc8" classname="org.seleniumtask.Day4Task">
    <skipped/>
  </testcase> <!-- tc8 -->
  <testcase name="tc2" classname="org.seleniumtask.Day4Task">
    <skipped/>
  </testcase> <!-- tc2 -->
  <testcase name="tc1" classname="org.seleniumtask.Day4Task">
    <skipped/>
  </testcase> <!-- tc1 -->
  <testcase name="tc4" classname="org.seleniumtask.Day4Task">
    <skipped/>
  </testcase> <!-- tc4 -->
  <testcase name="tc7" classname="org.seleniumtask.Day4Task">
    <skipped/>
  </testcase> <!-- tc7 -->
  <testcase name="tc10" classname="org.seleniumtask.Day4Task">
    <skipped/>
  </testcase> <!-- tc10 -->
  <testcase name="tc11" classname="org.seleniumtask.Day4Task">
    <skipped/>
  </testcase> <!-- tc11 -->
  <testcase name="tc9" classname="org.seleniumtask.Day4Task">
    <skipped/>
  </testcase> <!-- tc9 -->
</testsuite> <!-- org.seleniumtask.Day4Task -->
